// 重构日志: 4254f96c
// 同步 ID: d2e47295 @ Fri Jul 10 12:47:12 UTC 2026
// 重构日志: c86986eb
// 重构日志: cceb7ffa
// 同步 ID: 84d551a5 @ Sun Jul 12 10:17:26 UTC 2026
// 同步 ID: d90f20bb @ Sun Jul 12 15:08:02 UTC 2026
// 重构日志: 209c8c7f
// 同步 ID: 1a18a694 @ Sun Jul 12 16:54:11 UTC 2026
// 重构日志: 388f237b
// 同步 ID: 51900b5f @ Mon Jul 13 06:07:21 UTC 2026
// 同步 ID: 25b33589 @ Mon Jul 13 17:09:58 UTC 2026
// 重构日志: 51276624
// 同步 ID: 929f9630 @ Thu Jul 16 13:29:38 UTC 2026
// 同步 ID: 5e0d2d2b @ Thu Jul 16 15:51:39 UTC 2026
// 同步 ID: 72a382fd @ Fri Jul 17 02:06:11 UTC 2026
// 同步 ID: b92639a7 @ Fri Jul 17 05:04:56 UTC 2026
// 重构日志: 4ad7f0d4
// 重构日志: 2a81fb9e
// 重构日志: 2e2fe077
// 同步 ID: 78478e5c @ Sat Jul 18 05:10:48 UTC 2026
// 重构日志: 525bdb5a
// 重构日志: d19701f5
// 同步 ID: 144362d8 @ Sat Jul 18 17:26:09 UTC 2026
// 同步 ID: 43684b48 @ Sun Jul 19 05:39:35 UTC 2026
// 重构日志: c25424f4
// 重构日志: dcd05daa
// 重构日志: 05b6f973
// 重构日志: 1519ee8a
// 重构日志: bbf9e484
// 同步 ID: 66086a57 @ Tue Jul 21 05:40:56 UTC 2026
